This is pdfTeX, Version 3.141592653-2.6-1.40.26 (TeX Live 2024) (preloaded format=pdflatex 2024.12.24)  11 JAN 2025 21:42
entering extended mode
 restricted \write18 enabled.
 file:line:error style messages enabled.
 %&-line parsing enabled.
**a-birthday-present.tex
(./a-birthday-present.tex
LaTeX2e <2023-11-01> patch level 1
L3 programming layer <2024-02-20>
(/usr/local/texlive/2024/texmf-dist/tex/latex/base/article.cls
Document Class: article 2023/05/17 v1.4n Standard LaTeX document class
(/usr/local/texlive/2024/texmf-dist/tex/latex/base/size10.clo
File: size10.clo 2023/05/17 v1.4n Standard LaTeX file (size option)
)
\c@part=\count188
\c@section=\count189
\c@subsection=\count190
\c@subsubsection=\count191
\c@paragraph=\count192
\c@subparagraph=\count193
\c@figure=\count194
\c@table=\count195
\abovecaptionskip=\skip48
\belowcaptionskip=\skip49
\bibindent=\dimen140
)
(/usr/local/texlive/2024/texmf-dist/tex/latex/fancyhdr/fancyhdr.sty
Package: fancyhdr 2022/11/09 v4.1 Extensive control of page headers and footers

\f@nch@headwidth=\skip50
\f@nch@O@elh=\skip51
\f@nch@O@erh=\skip52
\f@nch@O@olh=\skip53
\f@nch@O@orh=\skip54
\f@nch@O@elf=\skip55
\f@nch@O@erf=\skip56
\f@nch@O@olf=\skip57
\f@nch@O@orf=\skip58
)
(/usr/local/texlive/2024/texmf-dist/tex/latex/poemscol/poemscol.sty
Package: poemscol 2020/06/12 v3.1415926 poemscol file
\verseindentamount=\skip59
\l@@pcounter=\count196
\indentedstanzaamount=\skip60
\variablestanzaamount=\skip61
\titleindentamount=\skip62
\titleindenttwoamount=\skip63
\titleindentthreeamount=\skip64
\volumetitleindentamount=\skip65
\volumetitlesecondlineindentamount=\skip66
\volumesubtitleindentamount=\skip67
\volumesubtitlesecondlineindentamount=\skip68
\volumesectiontitleindentamount=\skip69
\volumesectiontitlesecondlineindentamount=\skip70
\poemtitleindentamount=\skip71
\poemtitlesecondlineindentamount=\skip72
\poemsubtitleindentamount=\skip73
\poemsectiontitleindentamount=\skip74
\poemsectiontitlesecondlineindentamount=\skip75
\poemsubsectiontitleindentamount=\skip76
\sequencetitleindentamount=\skip77
\sequencetitlesecondlineindentamount=\skip78
\sequencesubtitleindentamount=\skip79
\sequencesubtitlesecondlineindentamount=\skip80
\sequencesectiontitleindentamount=\skip81
\sequencesectiontitlesecondlineindentamount=\skip82
\sequencesectionsubtitleindentamount=\skip83
\sequencesectionsubtitlesecondlineindentamount=\skip84
\sequencesubsectiontitleindentamount=\skip85
\sequencesubsubsectiontitleindentamount=\skip86
\appendixtitleindentamount=\skip87
\subappendixtitleindentamount=\skip88
\forewordtitleindentamount=\skip89
\notestitleindentamount=\skip90
\volumetitleshiftamount=\dimen141
\voladditionalamount=\dimen142
\contentsindentoneamount=\dimen143
\contentsindenttwoamount=\dimen144
\contentsindentthreeamount=\dimen145
\contentsindentfouramount=\dimen146
\contentsindentfiveamount=\dimen147
\contentsvolumetitleindentamount=\skip91
\contentsvolumetitlesecondlineindentamount=\skip92
\contentsvolumesubtitleindentamount=\skip93
\contentsvolumesubtitlesecondlineindentamount=\skip94
\contentsvolumesectiontitleindentamount=\skip95
\contentsvolumesectiontitlesecondlineindentamount=\skip96
\contentspoemtitleindentamount=\skip97
\contentspoemtitlesecondlineindentamount=\skip98
\contentspoemsubtitleindentamount=\skip99
\contentspoemsectiontitleindentamount=\skip100
\contentspoemsectiontitlesecondlineindentamount=\skip101
\contentspoemsubsectiontitleindentamount=\skip102
\contentssequencetitleindentamount=\skip103
\contentssequencetitlesecondlineindentamount=\skip104
\contentssequencesubtitleindentamount=\skip105
\contentssequencesubtitlesecondlineindentamount=\skip106
\contentssequencesectiontitleindentamount=\skip107
\contentssequencesectiontitlesecondlineindentamount=\skip108
\contentssequencesectionsubtitleindentamount=\skip109
\contentssequencesectionsubtitlesecondlineindentamount=\skip110
\contentssequencesubsectiontitleindentamount=\skip111
\contentssequencesubsubsectiontitleindentamount=\skip112
\poemtitlewidth=\skip113
\lefttitleaddition=\skip114
\marginparsepmin=\skip115
\versemarginadjust=\skip116
\c@verselinenumber=\count197
\c@printlineindex=\count198
\c@verselinenumberscratch=\count199
\c@printlineindexscratch=\count266
\c@lineindexrepeat=\count267
\c@lemmalines=\count268
\c@lemmaend=\count269
\c@poemnumber=\count270
\c@notepageholdertitle=\count271
\c@notepageholdernote=\count272
\fulltitleholder=\toks17
\titlesofar=\toks18
\titleincrement=\toks19
\@indexfile=\write3
\openout3 = `a-birthday-present.idx'.


Writing index file a-birthday-present.idx
\headoffsetlength=\skip117

Package fancyhdr Warning: \fancyhfoffset's `E' option without twoside option is
 useless.
(fancyhdr)                Please consider using the `twoside' option on input l
ine 489.


Package fancyhdr Warning: \fancyhead's `E' option without twoside option is use
less.
(fancyhdr)                Please consider using the `twoside' option on input l
ine 491.


Package fancyhdr Warning: \fancyhead's `E' option without twoside option is use
less.
(fancyhdr)                Please consider using the `twoside' option on input l
ine 493.


Package fancyhdr Warning: \fancyfoot's `E' option without twoside option is use
less.
(fancyhdr)                Please consider using the `twoside' option on input l
ine 494.

\singlelineabbrev=\toks20
\multiplelineabbrev=\toks21
\singlepageabbrev=\toks22
\multiplepageabbrev=\toks23
\contentsentryoverrun=\skip118
\titleentryoverrun=\skip119
\versewidth=\skip120
\@memcnta=\count273
\c@cp@cntr=\count274
\pmclsideparvshift=\skip121
\pmclcontentsname=\toks24
\pmclcontentsheader=\toks25
\noteindentation=\skip122
\pmclnotesname=\toks26
\notesheadername=\toks27
\textnotescontentsname=\toks28
\emendationsname=\toks29
\emendationsheadername=\toks30
\emendationscontentsname=\toks31
\explanationsname=\toks32
\explanationsheadername=\toks33
\explanationscontentsname=\toks34
\lefttitlemargin=\skip123
\JHtextwidth=\skip124
\JHmarginparsep=\skip125
\JHmarginparvshift=\skip126
\JHmarginparwidth=\skip127
\JHmarginparsepmin=\skip128
\JHtitlemarginparsep=\skip129
\c@margrefnumber=\count275
\margrefmarker=\toks35
\titlemargrefmarker=\toks36
\centerepigraphindentation=\skip130
\normalepigraphindentation=\skip131
\dateindent=\skip132
\poemattributionindent=\skip133
\c@proselinenumber=\count276
\c@prosemodulo=\count277
\pmnoteheader=\toks37
\c@pmsentencenumber=\count278
\c@pmmodulo=\count279
\c@pmindexcount=\count280
\c@pmparagraph=\count281
\pmrangeend=\toks38
\pmclsavsk=\dimen148
\pmclsavsf=\count282
\c@rectolinecounter=\count283
\c@rectoindexscratch=\count284
\c@versolinecounter=\count285
\c@versoindexscratch=\count286
\versotitleholder=\toks39
\rectotitleholder=\toks40
\synchroflag=\toks41
\versotextnotesname=\toks42
\versotextnotesheadername=\toks43
\versotextnotescontentsname=\toks44
\rectotextnotesname=\toks45
\rectotextnotesheadername=\toks46
\rectotextnotescontentsname=\toks47
\versoemendationsname=\toks48
\versoemendationsheadername=\toks49
\versoemendationscontentsname=\toks50
\rectoemendationsname=\toks51
\rectoemendationsheadername=\toks52
\rectoemendationscontentsname=\toks53
\versoexplanationsname=\toks54
\versoexplanationsheadername=\toks55
\versoexplanationscontentsname=\toks56
\rectoexplanationsname=\toks57
\rectoexplanationsheadername=\toks58
\rectoexplanationscontentsname=\toks59
\c@prosepage=\count287
\c@versoproselinecounter=\count288
\c@rectoproselinecounter=\count289
\poemindexname=\toks60
\poemindexheadername=\toks61
\poemindexcontentsname=\toks62
\poemindexlabelname=\toks63
\epigraphquoteleftmargin=\skip134
\epigraphquoterightmargin=\skip135
) (/usr/local/texlive/2024/texmf-dist/tex/latex/lm/lmodern.sty
Package: lmodern 2015/05/01 v1.6.1 Latin Modern Fonts
LaTeX Font Info:    Overwriting symbol font `operators' in version `normal'
(Font)                  OT1/cmr/m/n --> OT1/lmr/m/n on input line 22.
LaTeX Font Info:    Overwriting symbol font `letters' in version `normal'
(Font)                  OML/cmm/m/it --> OML/lmm/m/it on input line 23.
LaTeX Font Info:    Overwriting symbol font `symbols' in version `normal'
(Font)                  OMS/cmsy/m/n --> OMS/lmsy/m/n on input line 24.
LaTeX Font Info:    Overwriting symbol font `largesymbols' in version `normal'
(Font)                  OMX/cmex/m/n --> OMX/lmex/m/n on input line 25.
LaTeX Font Info:    Overwriting symbol font `operators' in version `bold'
(Font)                  OT1/cmr/bx/n --> OT1/lmr/bx/n on input line 26.
LaTeX Font Info:    Overwriting symbol font `letters' in version `bold'
(Font)                  OML/cmm/b/it --> OML/lmm/b/it on input line 27.
LaTeX Font Info:    Overwriting symbol font `symbols' in version `bold'
(Font)                  OMS/cmsy/b/n --> OMS/lmsy/b/n on input line 28.
LaTeX Font Info:    Overwriting symbol font `largesymbols' in version `bold'
(Font)                  OMX/cmex/m/n --> OMX/lmex/m/n on input line 29.
LaTeX Font Info:    Overwriting math alphabet `\mathbf' in version `normal'
(Font)                  OT1/cmr/bx/n --> OT1/lmr/bx/n on input line 31.
LaTeX Font Info:    Overwriting math alphabet `\mathsf' in version `normal'
(Font)                  OT1/cmss/m/n --> OT1/lmss/m/n on input line 32.
LaTeX Font Info:    Overwriting math alphabet `\mathit' in version `normal'
(Font)                  OT1/cmr/m/it --> OT1/lmr/m/it on input line 33.
LaTeX Font Info:    Overwriting math alphabet `\mathtt' in version `normal'
(Font)                  OT1/cmtt/m/n --> OT1/lmtt/m/n on input line 34.
LaTeX Font Info:    Overwriting math alphabet `\mathbf' in version `bold'
(Font)                  OT1/cmr/bx/n --> OT1/lmr/bx/n on input line 35.
LaTeX Font Info:    Overwriting math alphabet `\mathsf' in version `bold'
(Font)                  OT1/cmss/bx/n --> OT1/lmss/bx/n on input line 36.
LaTeX Font Info:    Overwriting math alphabet `\mathit' in version `bold'
(Font)                  OT1/cmr/bx/it --> OT1/lmr/bx/it on input line 37.
LaTeX Font Info:    Overwriting math alphabet `\mathtt' in version `bold'
(Font)                  OT1/cmtt/m/n --> OT1/lmtt/m/n on input line 38.
)
LaTeX Font Info:    Trying to load font information for OT1+lmr on input line 6
.

(/usr/local/texlive/2024/texmf-dist/tex/latex/lm/ot1lmr.fd
File: ot1lmr.fd 2015/05/01 v1.6.1 Font defs for Latin Modern
)
(/usr/local/texlive/2024/texmf-dist/tex/latex/l3backend/l3backend-pdftex.def
File: l3backend-pdftex.def 2024-02-20 L3 backend support: PDF output (pdfTeX)
\l__color_backend_stack_int=\count290
\l__pdf_internal_box=\box51
)
(./a-birthday-present.aux)
\openout1 = `a-birthday-present.aux'.

LaTeX Font Info:    Checking defaults for OML/cmm/m/it on input line 6.
LaTeX Font Info:    ... okay on input line 6.
LaTeX Font Info:    Checking defaults for OMS/cmsy/m/n on input line 6.
LaTeX Font Info:    ... okay on input line 6.
LaTeX Font Info:    Checking defaults for OT1/cmr/m/n on input line 6.
LaTeX Font Info:    ... okay on input line 6.
LaTeX Font Info:    Checking defaults for T1/cmr/m/n on input line 6.
LaTeX Font Info:    ... okay on input line 6.
LaTeX Font Info:    Checking defaults for TS1/cmr/m/n on input line 6.
LaTeX Font Info:    ... okay on input line 6.
LaTeX Font Info:    Checking defaults for OMX/cmex/m/n on input line 6.
LaTeX Font Info:    ... okay on input line 6.
LaTeX Font Info:    Checking defaults for U/cmr/m/n on input line 6.
LaTeX Font Info:    ... okay on input line 6.
 [1{/usr/local/texlive/2024/texmf-var/fonts/map/pdftex/updmap/pdftex.map}{/usr/
local/texlive/2024/texmf-dist/fonts/enc/dvips/lm/lm-rm.enc}

] [2] (./a-birthday-present.aux)
 ***********
LaTeX2e <2023-11-01> patch level 1
L3 programming layer <2024-02-20>
 ***********
 ) 
Here is how much of TeX's memory you used:
 2093 strings out of 474116
 41314 string characters out of 5743681
 1937187 words of memory out of 5000000
 24511 multiletter control sequences out of 15000+600000
 577027 words of font info for 42 fonts, out of 8000000 for 9000
 1141 hyphenation exceptions out of 8191
 35i,13n,55p,220b,412s stack positions out of 10000i,1000n,20000p,200000b,200000s
</usr/local/texlive/2024/texmf-dist/fonts/type1/public/lm/lmr10.pfb></usr/loc
al/texlive/2024/texmf-dist/fonts/type1/public/lm/lmr12.pfb></usr/local/texlive/
2024/texmf-dist/fonts/type1/public/lm/lmr17.pfb></usr/local/texlive/2024/texmf-
dist/fonts/type1/public/lm/lmr7.pfb></usr/local/texlive/2024/texmf-dist/fonts/t
ype1/public/lm/lmr9.pfb>
Output written on a-birthday-present.pdf (2 pages, 120557 bytes).
PDF statistics:
 37 PDF objects out of 1000 (max. 8388607)
 22 compressed objects within 1 object stream
 0 named destinations out of 1000 (max. 500000)
 1 words of extra memory for PDF output out of 10000 (max. 10000000)

